<?xml version="1.0" encoding="UTF-8"?>
<testng-results ignored="0" total="3" passed="3" failed="0" skipped="0">
  <reporter-output>
  </reporter-output>
  <suite started-at="2019-11-05T10:16:52 IST" name="Default suite" finished-at="2019-11-05T10:17:28 IST" duration-ms="36421">
    <groups>
    </groups>
    <test started-at="2019-11-05T10:16:52 IST" name="Default test" finished-at="2019-11-05T10:17:28 IST" duration-ms="36421">
      <class name="Simulator.SimulatorTest.AuthorizeSuccessfull">
        <test-method signature="opensimulator(java.lang.String, java.lang.String, java.lang.String, java.lang.String, java.lang.String)[pri:1, instance:Simulator.SimulatorTest.AuthorizeSuccessfull@1d7f7be7]" started-at="2019-11-05T10:16:53 IST" name="opensimulator" data-provider="Readconfigdata" finished-at="2019-11-05T10:17:06 IST" duration-ms="13228" status="PASS">
          <params>
            <param index="0">
              <value>
                <![CDATA[http://localhost:8181/#]]>
              </value>
            </param>
            <param index="1">
              <value>
                <![CDATA[ws://192.168.10.29:8887/1234]]>
              </value>
            </param>
            <param index="2">
              <value>
                <![CDATA[1234]]>
              </value>
            </param>
            <param index="3">
              <value>
                <![CDATA[OCPP1.6-J]]>
              </value>
            </param>
            <param index="4">
              <value>
                <![CDATA[PASS]]>
              </value>
            </param>
          </params>
          <reporter-output>
          </reporter-output>
        </test-method> <!-- opensimulator -->
        <test-method signature="sendboot(java.lang.String, java.lang.String, java.lang.String)[pri:2, instance:Simulator.SimulatorTest.AuthorizeSuccessfull@1d7f7be7]" started-at="2019-11-05T10:17:06 IST" name="sendboot" data-provider="BootData" finished-at="2019-11-05T10:17:18 IST" duration-ms="12063" status="PASS">
          <params>
            <param index="0">
              <value>
                <![CDATA[1234]]>
              </value>
            </param>
            <param index="1">
              <value>
                <![CDATA[1234]]>
              </value>
            </param>
            <param index="2">
              <value>
                <![CDATA[PASS]]>
              </value>
            </param>
          </params>
          <reporter-output>
          </reporter-output>
        </test-method> <!-- sendboot -->
        <test-method signature="Authenticate(java.lang.String, java.lang.String)[pri:3, instance:Simulator.SimulatorTest.AuthorizeSuccessfull@1d7f7be7]" started-at="2019-11-05T10:17:18 IST" name="Authenticate" data-provider="Authdata" finished-at="2019-11-05T10:17:28 IST" duration-ms="10109" status="PASS">
          <params>
            <param index="0">
              <value>
                <![CDATA[123456]]>
              </value>
            </param>
            <param index="1">
              <value>
                <![CDATA[PASS]]>
              </value>
            </param>
          </params>
          <reporter-output>
          </reporter-output>
        </test-method> <!-- Authenticate -->
      </class> <!-- Simulator.SimulatorTest.AuthorizeSuccessfull -->
    </test> <!-- Default test -->
  </suite> <!-- Default suite -->
</testng-results>
