<?xml version="1.0" encoding="UTF-8"?>
<!-- Generated by org.testng.reporters.JUnitXMLReporter -->
<testsuite ignored="0" hostname="LT01680" failures="1" tests="2" name="Test5" time="12.818" errors="0" timestamp="30 Oct 2019 06:25:44 GMT">
  <testcase classname="Simulator.SimulatorTest.StopTransaction" name="transIDs" time="0.115"/>
  <testcase classname="Simulator.SimulatorTest.StopTransaction" name="SendStopTransaction" time="12.699">
    <failure type="java.lang.IllegalArgumentException" message="Keys to send should be a not null CharSequence">
      <![CDATA[java.lang.IllegalArgumentException: Keys to send should be a not null CharSequence
at org.openqa.selenium.remote.RemoteWebElement.sendKeys(RemoteWebElement.java:97)
at Simulator.SimulatorTest.StopTransaction.SendStopTransaction(StopTransaction.java:69)
... Removed 25 stack frames]]>
    </failure>
  </testcase> <!-- SendStopTransaction -->
</testsuite> <!-- Test5 -->
