<?xml version="1.0" encoding="UTF-8"?>
<!-- Generated by org.testng.reporters.JUnitXMLReporter -->
<testsuite ignored="0" hostname="LT01680" failures="0" tests="3" name="Default test" time="36.421" errors="0" timestamp="2019-11-05T10:17:29 IST">
  <testcase classname="Simulator.SimulatorTest.AuthorizeSuccessfull" name="opensimulator" time="13.228"/>
  <testcase classname="Simulator.SimulatorTest.AuthorizeSuccessfull" name="sendboot" time="12.063"/>
  <testcase classname="Simulator.SimulatorTest.AuthorizeSuccessfull" name="Authenticate" time="10.109"/>
</testsuite> <!-- Default test -->
